-------------------------------------------------------------------------------
Test set: sk.ness.academy.AssignmentApplicationTests
-------------------------------------------------------------------------------
Tests run: 1, Failures: 0, Errors: 1, Skipped: 0, Time elapsed: 0.375 s <<< FAILURE! - in sk.ness.academy.AssignmentApplicationTests
contextLoads  Time elapsed: 0.004 s  <<< ERROR!
java.lang.IllegalStateException: Failed to load ApplicationContext
Caused by: org.springframework.beans.factory.support.BeanDefinitionOverrideException: Invalid bean definition with name 'sessionFactory' defined in class path resource [sk/ness/academy/config/DatabaseConfig.class]: Cannot register bean definition [Root bean: class [null]; scope=; abstract=false; lazyInit=null; autowireMode=3; dependencyCheck=0; autowireCandidate=true; primary=false; factoryBeanName=sk.ness.academy.config.DatabaseConfig; factoryMethodName=sessionFactory; initMethodName=null; destroyMethodName=(inferred); defined in class path resource [sk/ness/academy/config/DatabaseConfig.class]] for bean 'sessionFactory': There is already [Root bean: class [null]; scope=; abstract=false; lazyInit=null; autowireMode=3; dependencyCheck=0; autowireCandidate=true; primary=false; factoryBeanName=testDatabaseConfig; factoryMethodName=sessionFactory; initMethodName=null; destroyMethodName=(inferred); defined in class path resource [sk/ness/academy/config/TestDatabaseConfig.class]] bound.

